


log for \\optsamba\bzfloebe\PORTA\win32\bin\xporta.exe -T PrismSimplex32.poi 

input file PrismSimplex32.poi o.k.
dimension              :   33 
number of cone-points  :    0 
number of conv-points  :   66 

GAUSS - ELIMINATION:
| iter- |     # equa |  # ineq  |   max| long|   non- |     mem |      time |
| ation |            |          |  bit-|arith|  zeros |    used |      used |
|       |            |          |length|metic|   in % |   in kB |    in sec |
|-------|------------|----------|------|-----|--------|---------|-----------|
|    34 |         34 |        1 |    1 |   n |   0.31 |      94 |      0.00 |
|    33 |         33 |        2 |    1 |   n |   0.30 |      94 |      0.00 |
|    32 |         32 |        3 |    1 |   n |   0.29 |      94 |      0.00 |
|    31 |         31 |        4 |    1 |   n |   0.27 |      94 |      0.00 |
|    30 |         30 |        5 |    1 |   n |   0.24 |      94 |      0.00 |
|    29 |         29 |        6 |    2 |   n |   0.27 |      94 |      0.00 |
|    28 |         28 |        7 |    2 |   n |   0.29 |      94 |      0.00 |
|    27 |         27 |        8 |    2 |   n |   0.30 |      94 |      0.00 |
|    26 |         26 |        9 |    3 |   n |   0.31 |      94 |      0.00 |
|    25 |         25 |       10 |    3 |   n |   0.34 |      94 |      0.00 |
|    24 |         24 |       11 |    3 |   n |   0.34 |      94 |      0.00 |
|    23 |         23 |       12 |    3 |   n |   0.34 |      94 |      0.00 |
|    22 |         22 |       13 |    3 |   n |   0.36 |      94 |      0.00 |
|    21 |         21 |       14 |    4 |   n |   0.38 |      94 |      0.00 |
|    20 |         20 |       15 |    4 |   n |   0.36 |      94 |      0.00 |
|    19 |         19 |       16 |    3 |   n |   0.35 |      94 |      0.00 |
|    18 |         18 |       17 |    3 |   n |   0.36 |      94 |      0.00 |
|    17 |         17 |       18 |    4 |   n |   0.36 |      94 |      0.00 |
|    16 |         16 |       19 |    6 |   n |   0.37 |      94 |      0.00 |
|    15 |         15 |       20 |    7 |   n |   0.37 |      94 |      0.00 |
|    14 |         14 |       21 |    9 |   n |   0.40 |      94 |      0.00 |
|    13 |         13 |       22 |   11 |   n |   0.41 |      94 |      0.00 |
|    12 |         12 |       23 |   12 |   n |   0.43 |      94 |      0.00 |
|    11 |         11 |       24 |   14 |   n |   0.44 |      94 |      0.00 |
|    10 |         10 |       25 |   15 |   n |   0.44 |      94 |      0.00 |
|     9 |          9 |       26 |   18 |   n |   0.44 |      94 |      0.00 |
|     8 |          8 |       27 |   20 |   n |   0.44 |      94 |      0.00 |
|     7 |          7 |       28 |   23 |   n |   0.46 |      94 |      0.00 |
|     6 |          6 |       29 |   25 |   n |   0.47 |      94 |      0.00 |
|     5 |          5 |       30 |   29 |   n |   0.46 |      94 |      0.00 |
|     4 |          4 |       31 |   31 |   n |   0.47 |      94 |      0.00 |
Arithmetic overflow - try again with long integer arithmetic (`-l' option)



log for \\optsamba\bzfloebe\PORTA\win32\bin\xporta.exe -T -l PrismSimplex32.poi 

input file PrismSimplex32.poi o.k.
dimension              :   33 
number of cone-points  :    0 
number of conv-points  :   66 

GAUSS - ELIMINATION:
| iter- |     # equa |  # ineq  |   max| long|   non- |     mem |      time |
| ation |            |          |  bit-|arith|  zeros |    used |      used |
|       |            |          |length|metic|   in % |   in kB |    in sec |
|-------|------------|----------|------|-----|--------|---------|-----------|
|    34 |         34 |        1 |    1 |   y |   0.31 |     119 |      0.00 |
|    33 |         33 |        2 |    1 |   y |   0.30 |     119 |      0.00 |
|    32 |         32 |        3 |    1 |   y |   0.29 |     119 |      0.00 |
|    31 |         31 |        4 |    1 |   y |   0.27 |     118 |      0.00 |
|    30 |         30 |        5 |    1 |   y |   0.24 |     117 |      0.00 |
|    29 |         29 |        6 |    2 |   y |   0.27 |     119 |      0.00 |
|    28 |         28 |        7 |    2 |   y |   0.29 |     120 |      0.00 |
|    27 |         27 |        8 |    2 |   y |   0.30 |     121 |      0.00 |
|    26 |         26 |        9 |    3 |   y |   0.31 |     122 |      0.00 |
|    25 |         25 |       10 |    3 |   y |   0.34 |     124 |      0.00 |
|    24 |         24 |       11 |    3 |   y |   0.34 |     124 |      0.00 |
|    23 |         23 |       12 |    3 |   y |   0.34 |     124 |      0.00 |
|    22 |         22 |       13 |    3 |   y |   0.36 |     126 |      0.00 |
|    21 |         21 |       14 |    4 |   y |   0.38 |     127 |      0.00 |
|    20 |         20 |       15 |    4 |   y |   0.36 |     126 |      0.00 |
|    19 |         19 |       16 |    3 |   y |   0.35 |     126 |      0.00 |
|    18 |         18 |       17 |    3 |   y |   0.36 |     127 |      0.00 |
|    17 |         17 |       18 |    4 |   y |   0.36 |     127 |      0.00 |
|    16 |         16 |       19 |    6 |   y |   0.37 |     128 |      0.00 |
|    15 |         15 |       20 |    7 |   y |   0.37 |     129 |      0.00 |
|    14 |         14 |       21 |    9 |   y |   0.40 |     130 |      0.00 |
|    13 |         13 |       22 |   11 |   y |   0.41 |     131 |      0.00 |
|    12 |         12 |       23 |   12 |   y |   0.43 |     132 |      0.00 |
|    11 |         11 |       24 |   14 |   y |   0.44 |     133 |      0.00 |
|    10 |         10 |       25 |   15 |   y |   0.44 |     133 |      0.00 |
|     9 |          9 |       26 |   18 |   y |   0.44 |     133 |      0.00 |
|     8 |          8 |       27 |   20 |   y |   0.44 |     134 |      0.00 |
|     7 |          7 |       28 |   23 |   y |   0.46 |     135 |      0.00 |
|     6 |          6 |       29 |   25 |   y |   0.47 |     136 |      0.00 |
|     5 |          5 |       30 |   29 |   y |   0.46 |     136 |      0.00 |
|     4 |          4 |       31 |   31 |   y |   0.47 |     137 |      0.00 |
|     3 |          3 |       32 |   62 |   y |   0.46 |     144 |      0.00 |
|     2 |          2 |       33 |   62 |   y |   0.48 |     145 |      0.00 |
|     1 |          1 |       34 |   62 |   y |   0.49 |     145 |      0.00 |

FOURIER - MOTZKIN - ELIMINATION:
| iter- |      upper |  # ineq  |   max| long|   non- |     mem |      time |
| ation |      bound |          |  bit-|arith|  zeros |    used |      used |
|       |     # ineq |          |length|metic|   in % |   in kB |    in sec |
|-------|------------|----------|------|-----|--------|---------|-----------|
|    32 |         35 |       35 |    1 |   y |   0.03 |     520 |      0.00 |
|    31 |         36 |       35 |    1 |   y |   0.03 |     520 |      0.00 |
|    30 |         36 |       35 |   31 |   y |   0.03 |     520 |      0.00 |
|    29 |         36 |       35 |   31 |   y |   0.03 |     520 |      0.00 |
|    28 |         36 |       35 |   31 |   y |   0.03 |     520 |      0.00 |
|    27 |         36 |       35 |   32 |   y |   0.03 |     520 |      0.00 |
|    26 |         36 |       35 |   32 |   y |   0.04 |     520 |      0.00 |
|    25 |         36 |       35 |   32 |   y |   0.04 |     520 |      0.00 |
|    24 |         36 |       35 |   32 |   y |   0.04 |     520 |      0.00 |
|    23 |         36 |       35 |   32 |   y |   0.04 |     520 |      0.00 |
|    22 |         36 |       35 |   32 |   y |   0.04 |     520 |      0.00 |
|    21 |         36 |       35 |   32 |   y |   0.04 |     520 |      0.00 |
|    20 |         36 |       35 |   32 |   y |   0.04 |     520 |      0.00 |
|    19 |         36 |       35 |   32 |   y |   0.04 |     520 |      0.00 |
|    18 |         36 |       35 |   32 |   y |   0.04 |     520 |      0.00 |
|    17 |         36 |       35 |   32 |   y |   0.04 |     520 |      0.00 |
|    16 |         36 |       35 |   32 |   y |   0.04 |     520 |      0.00 |
|    15 |         36 |       35 |   32 |   y |   0.04 |     520 |      0.00 |
|    14 |         36 |       35 |   32 |   y |   0.04 |     520 |      0.00 |
|    13 |         36 |       35 |   32 |   y |   0.05 |     520 |      0.00 |
|    12 |         36 |       35 |   32 |   y |   0.05 |     520 |      0.00 |
|    11 |         36 |       35 |   32 |   y |   0.05 |     520 |      0.00 |
|    10 |         36 |       35 |   32 |   y |   0.05 |     520 |      0.00 |
|     9 |         36 |       35 |   32 |   y |   0.05 |     520 |      0.00 |
|     8 |         36 |       35 |   32 |   y |   0.05 |     520 |      0.00 |
|     7 |         36 |       35 |   32 |   y |   0.05 |     521 |      0.00 |
|     6 |         36 |       35 |   32 |   y |   0.05 |     521 |      0.00 |
|     5 |         36 |       35 |   32 |   y |   0.05 |     521 |      0.00 |
|     4 |         36 |       35 |   32 |   y |   0.05 |     521 |      0.00 |
|     3 |         36 |       35 |   32 |   y |   0.05 |     521 |      0.00 |
|     2 |         36 |       35 |   32 |   y |   0.05 |     521 |      0.00 |
|     1 |         36 |       35 |   32 |   y |   0.06 |     521 |      0.00 |

sum of inequalities over all iterations :   1120
maximal number of inequalities          :     35


number of equations    :    0 
number of inequalities :   35 

output written to file PrismSimplex32.poi.ieq




log for \\optsamba\bzfloebe\PORTA\win32\bin\xporta.exe -T -l PrismSimplex32.poi 

input file PrismSimplex32.poi o.k.
dimension              :   33 
number of cone-points  :    0 
number of conv-points  :   66 

GAUSS - ELIMINATION:
| iter- |     # equa |  # ineq  |   max| long|   non- |     mem |      time |
| ation |            |          |  bit-|arith|  zeros |    used |      used |
|       |            |          |length|metic|   in % |   in kB |    in sec |
|-------|------------|----------|------|-----|--------|---------|-----------|
|    34 |         34 |        1 |    1 |   y |   0.31 |     119 |      0.00 |
|    33 |         33 |        2 |    1 |   y |   0.30 |     119 |      0.00 |
|    32 |         32 |        3 |    1 |   y |   0.29 |     119 |      0.00 |
|    31 |         31 |        4 |    1 |   y |   0.27 |     118 |      0.00 |
|    30 |         30 |        5 |    1 |   y |   0.24 |     117 |      0.00 |
|    29 |         29 |        6 |    2 |   y |   0.27 |     119 |      0.00 |
|    28 |         28 |        7 |    2 |   y |   0.29 |     120 |      0.00 |
|    27 |         27 |        8 |    2 |   y |   0.30 |     121 |      0.00 |
|    26 |         26 |        9 |    3 |   y |   0.31 |     122 |      0.00 |
|    25 |         25 |       10 |    3 |   y |   0.34 |     124 |      0.00 |
|    24 |         24 |       11 |    3 |   y |   0.34 |     124 |      0.00 |
|    23 |         23 |       12 |    3 |   y |   0.34 |     124 |      0.00 |
|    22 |         22 |       13 |    3 |   y |   0.36 |     126 |      0.00 |
|    21 |         21 |       14 |    4 |   y |   0.38 |     127 |      0.00 |
|    20 |         20 |       15 |    4 |   y |   0.36 |     126 |      0.00 |
|    19 |         19 |       16 |    3 |   y |   0.35 |     126 |      0.00 |
|    18 |         18 |       17 |    3 |   y |   0.36 |     127 |      0.00 |
|    17 |         17 |       18 |    4 |   y |   0.36 |     127 |      0.00 |
|    16 |         16 |       19 |    6 |   y |   0.37 |     128 |      0.00 |
|    15 |         15 |       20 |    7 |   y |   0.37 |     129 |      0.00 |
|    14 |         14 |       21 |    9 |   y |   0.40 |     130 |      0.00 |
|    13 |         13 |       22 |   11 |   y |   0.41 |     131 |      0.00 |
|    12 |         12 |       23 |   12 |   y |   0.43 |     132 |      0.00 |
|    11 |         11 |       24 |   14 |   y |   0.44 |     133 |      0.00 |
|    10 |         10 |       25 |   15 |   y |   0.44 |     133 |      0.00 |
|     9 |          9 |       26 |   18 |   y |   0.44 |     133 |      0.00 |
|     8 |          8 |       27 |   20 |   y |   0.44 |     134 |      0.00 |
|     7 |          7 |       28 |   23 |   y |   0.46 |     135 |      0.00 |
|     6 |          6 |       29 |   25 |   y |   0.47 |     136 |      0.00 |
|     5 |          5 |       30 |   29 |   y |   0.46 |     136 |      0.00 |
|     4 |          4 |       31 |   31 |   y |   0.47 |     137 |      0.00 |
|     3 |          3 |       32 |   62 |   y |   0.46 |     144 |      0.00 |
|     2 |          2 |       33 |   62 |   y |   0.48 |     145 |      0.00 |
|     1 |          1 |       34 |   62 |   y |   0.49 |     145 |      0.00 |

FOURIER - MOTZKIN - ELIMINATION:
| iter- |      upper |  # ineq  |   max| long|   non- |     mem |      time |
| ation |      bound |          |  bit-|arith|  zeros |    used |      used |
|       |     # ineq |          |length|metic|   in % |   in kB |    in sec |
|-------|------------|----------|------|-----|--------|---------|-----------|
|    32 |         35 |       35 |    1 |   y |   0.03 |     520 |      0.00 |
|    31 |         36 |       35 |    1 |   y |   0.03 |     520 |      0.00 |
|    30 |         36 |       35 |   31 |   y |   0.03 |     520 |      0.00 |
|    29 |         36 |       35 |   31 |   y |   0.03 |     520 |      0.00 |
|    28 |         36 |       35 |   31 |   y |   0.03 |     520 |      0.00 |
|    27 |         36 |       35 |   32 |   y |   0.03 |     520 |      0.00 |
|    26 |         36 |       35 |   32 |   y |   0.04 |     520 |      0.00 |
|    25 |         36 |       35 |   32 |   y |   0.04 |     520 |      0.00 |
|    24 |         36 |       35 |   32 |   y |   0.04 |     520 |      0.00 |
|    23 |         36 |       35 |   32 |   y |   0.04 |     520 |      0.00 |
|    22 |         36 |       35 |   32 |   y |   0.04 |     520 |      0.00 |
|    21 |         36 |       35 |   32 |   y |   0.04 |     520 |      0.00 |
|    20 |         36 |       35 |   32 |   y |   0.04 |     520 |      0.00 |
|    19 |         36 |       35 |   32 |   y |   0.04 |     520 |      0.00 |
|    18 |         36 |       35 |   32 |   y |   0.04 |     520 |      0.00 |
|    17 |         36 |       35 |   32 |   y |   0.04 |     520 |      0.00 |
|    16 |         36 |       35 |   32 |   y |   0.04 |     520 |      0.00 |
|    15 |         36 |       35 |   32 |   y |   0.04 |     520 |      0.00 |
|    14 |         36 |       35 |   32 |   y |   0.04 |     520 |      0.00 |
|    13 |         36 |       35 |   32 |   y |   0.05 |     520 |      0.00 |
|    12 |         36 |       35 |   32 |   y |   0.05 |     520 |      0.00 |
|    11 |         36 |       35 |   32 |   y |   0.05 |     520 |      0.00 |
|    10 |         36 |       35 |   32 |   y |   0.05 |     520 |      0.00 |
|     9 |         36 |       35 |   32 |   y |   0.05 |     520 |      0.00 |
|     8 |         36 |       35 |   32 |   y |   0.05 |     520 |      0.00 |
|     7 |         36 |       35 |   32 |   y |   0.05 |     521 |      0.00 |
|     6 |         36 |       35 |   32 |   y |   0.05 |     521 |      0.00 |
|     5 |         36 |       35 |   32 |   y |   0.05 |     521 |      0.00 |
|     4 |         36 |       35 |   32 |   y |   0.05 |     521 |      0.00 |
|     3 |         36 |       35 |   32 |   y |   0.05 |     521 |      0.00 |
|     2 |         36 |       35 |   32 |   y |   0.05 |     521 |      1.00 |
|     1 |         36 |       35 |   32 |   y |   0.06 |     521 |      1.00 |



log for \\optsamba\bzfloebe\PORTA\win32\bin\xporta.exe -T -l PrismSimplex32.poi 

input file PrismSimplex32.poi o.k.
dimension              :   33 
number of cone-points  :    0 
number of conv-points  :   66 

GAUSS - ELIMINATION:
| iter- |     # equa |  # ineq  |   max| long|   non- |     mem |      time |
| ation |            |          |  bit-|arith|  zeros |    used |      used |
|       |            |          |length|metic|   in % |   in kB |    in sec |
|-------|------------|----------|------|-----|--------|---------|-----------|
|    34 |         34 |        1 |    1 |   y |   0.31 |     119 |      0.00 |
|    33 |         33 |        2 |    1 |   y |   0.30 |     119 |      0.00 |
|    32 |         32 |        3 |    1 |   y |   0.29 |     119 |      0.00 |
|    31 |         31 |        4 |    1 |   y |   0.27 |     118 |      0.00 |
|    30 |         30 |        5 |    1 |   y |   0.24 |     117 |      0.00 |
|    29 |         29 |        6 |    2 |   y |   0.27 |     119 |      0.00 |
|    28 |         28 |        7 |    2 |   y |   0.29 |     120 |      0.00 |
|    27 |         27 |        8 |    2 |   y |   0.30 |     121 |      0.00 |
|    26 |         26 |        9 |    3 |   y |   0.31 |     122 |      0.00 |
|    25 |         25 |       10 |    3 |   y |   0.34 |     124 |      0.00 |
|    24 |         24 |       11 |    3 |   y |   0.34 |     124 |      0.00 |
|    23 |         23 |       12 |    3 |   y |   0.34 |     124 |      0.00 |
|    22 |         22 |       13 |    3 |   y |   0.36 |     126 |      0.00 |
|    21 |         21 |       14 |    4 |   y |   0.38 |     127 |      0.00 |
|    20 |         20 |       15 |    4 |   y |   0.36 |     126 |      0.00 |
|    19 |         19 |       16 |    3 |   y |   0.35 |     126 |      0.00 |
|    18 |         18 |       17 |    3 |   y |   0.36 |     127 |      0.00 |
|    17 |         17 |       18 |    4 |   y |   0.36 |     127 |      0.00 |
|    16 |         16 |       19 |    6 |   y |   0.37 |     128 |      0.00 |
|    15 |         15 |       20 |    7 |   y |   0.37 |     129 |      0.00 |
|    14 |         14 |       21 |    9 |   y |   0.40 |     130 |      0.00 |
|    13 |         13 |       22 |   11 |   y |   0.41 |     131 |      0.00 |
|    12 |         12 |       23 |   12 |   y |   0.43 |     132 |      0.00 |
|    11 |         11 |       24 |   14 |   y |   0.44 |     133 |      0.00 |
|    10 |         10 |       25 |   15 |   y |   0.44 |     133 |      0.00 |
|     9 |          9 |       26 |   18 |   y |   0.44 |     133 |      0.00 |
|     8 |          8 |       27 |   20 |   y |   0.44 |     134 |      0.00 |
|     7 |          7 |       28 |   23 |   y |   0.46 |     135 |      0.00 |
|     6 |          6 |       29 |   25 |   y |   0.47 |     136 |      0.00 |
|     5 |          5 |       30 |   29 |   y |   0.46 |     136 |      0.00 |
|     4 |          4 |       31 |   31 |   y |   0.47 |     137 |      0.00 |
|     3 |          3 |       32 |   62 |   y |   0.46 |     144 |      0.00 |
|     2 |          2 |       33 |   62 |   y |   0.48 |     145 |      0.00 |
|     1 |          1 |       34 |   62 |   y |   0.49 |     145 |      0.00 |

FOURIER - MOTZKIN - ELIMINATION:
| iter- |      upper |  # ineq  |   max| long|   non- |     mem |      time |
| ation |      bound |          |  bit-|arith|  zeros |    used |      used |
|       |     # ineq |          |length|metic|   in % |   in kB |    in sec |
|-------|------------|----------|------|-----|--------|---------|-----------|
|    32 |         35 |       35 |    1 |   y |   0.03 |     520 |      0.00 |
|    31 |         36 |       35 |    1 |   y |   0.03 |     520 |      1.00 |
|    30 |         36 |       35 |   31 |   y |   0.03 |     520 |      1.00 |
|    29 |         36 |       35 |   31 |   y |   0.03 |     520 |      1.00 |
|    28 |         36 |       35 |   31 |   y |   0.03 |     520 |      1.00 |
|    27 |         36 |       35 |   32 |   y |   0.03 |     520 |      1.00 |
|    26 |         36 |       35 |   32 |   y |   0.04 |     520 |      1.00 |
|    25 |         36 |       35 |   32 |   y |   0.04 |     520 |      1.00 |
|    24 |         36 |       35 |   32 |   y |   0.04 |     520 |      1.00 |
|    23 |         36 |       35 |   32 |   y |   0.04 |     520 |      1.00 |
|    22 |         36 |       35 |   32 |   y |   0.04 |     520 |      1.00 |
|    21 |         36 |       35 |   32 |   y |   0.04 |     520 |      1.00 |
|    20 |         36 |       35 |   32 |   y |   0.04 |     520 |      1.00 |
|    19 |         36 |       35 |   32 |   y |   0.04 |     520 |      1.00 |
|    18 |         36 |       35 |   32 |   y |   0.04 |     520 |      1.00 |
|    17 |         36 |       35 |   32 |   y |   0.04 |     520 |      1.00 |
|    16 |         36 |       35 |   32 |   y |   0.04 |     520 |      1.00 |
|    15 |         36 |       35 |   32 |   y |   0.04 |     520 |      1.00 |
|    14 |         36 |       35 |   32 |   y |   0.04 |     520 |      1.00 |
|    13 |         36 |       35 |   32 |   y |   0.05 |     520 |      1.00 |
|    12 |         36 |       35 |   32 |   y |   0.05 |     520 |      1.00 |
|    11 |         36 |       35 |   32 |   y |   0.05 |     520 |      1.00 |
|    10 |         36 |       35 |   32 |   y |   0.05 |     520 |      1.00 |
|     9 |         36 |       35 |   32 |   y |   0.05 |     520 |      1.00 |
|     8 |         36 |       35 |   32 |   y |   0.05 |     520 |      1.00 |
|     7 |         36 |       35 |   32 |   y |   0.05 |     521 |      1.00 |
|     6 |         36 |       35 |   32 |   y |   0.05 |     521 |      1.00 |
|     5 |         36 |       35 |   32 |   y |   0.05 |     521 |      1.00 |
|     4 |         36 |       35 |   32 |   y |   0.05 |     521 |      1.00 |
|     3 |         36 |       35 |   32 |   y |   0.05 |     521 |      1.00 |
|     2 |         36 |       35 |   32 |   y |   0.05 |     521 |      1.00 |
|     1 |         36 |       35 |   32 |   y |   0.06 |     521 |      1.00 |

sum of inequalities over all iterations :   1120
maximal number of inequalities          :     35


number of equations    :    0 
number of inequalities :   35 

PrismSimplex32.poi.ieq moved into PrismSimplex32.poi.ieq.bak
output written to file PrismSimplex32.poi.ieq




log for \\optsamba\bzfloebe\PORTA\win32\bin\xporta.exe -T -l PrismSimplex32.poi 

input file PrismSimplex32.poi o.k.
dimension              :   33 
number of cone-points  :    0 
number of conv-points  :   66 

GAUSS - ELIMINATION:
| iter- |     # equa |  # ineq  |   max| long|   non- |     mem |      time |
| ation |            |          |  bit-|arith|  zeros |    used |      used |
|       |            |          |length|metic|   in % |   in kB |    in sec |
|-------|------------|----------|------|-----|--------|---------|-----------|
|    34 |         34 |        1 |    1 |   y |   0.31 |     119 |      1.00 |
|    33 |         33 |        2 |    1 |   y |   0.30 |     119 |      1.00 |
|    32 |         32 |        3 |    1 |   y |   0.29 |     119 |      1.00 |
|    31 |         31 |        4 |    1 |   y |   0.27 |     118 |      1.00 |
|    30 |         30 |        5 |    1 |   y |   0.24 |     117 |      1.00 |
|    29 |         29 |        6 |    2 |   y |   0.27 |     119 |      1.00 |
|    28 |         28 |        7 |    2 |   y |   0.29 |     120 |      1.00 |
|    27 |         27 |        8 |    2 |   y |   0.30 |     121 |      1.00 |
|    26 |         26 |        9 |    3 |   y |   0.31 |     122 |      1.00 |
|    25 |         25 |       10 |    3 |   y |   0.34 |     124 |      1.00 |
|    24 |         24 |       11 |    3 |   y |   0.34 |     124 |      1.00 |
|    23 |         23 |       12 |    3 |   y |   0.34 |     124 |      1.00 |
|    22 |         22 |       13 |    3 |   y |   0.36 |     126 |      1.00 |
|    21 |         21 |       14 |    4 |   y |   0.38 |     127 |      1.00 |
|    20 |         20 |       15 |    4 |   y |   0.36 |     126 |      1.00 |
|    19 |         19 |       16 |    3 |   y |   0.35 |     126 |      1.00 |
|    18 |         18 |       17 |    3 |   y |   0.36 |     127 |      1.00 |
|    17 |         17 |       18 |    4 |   y |   0.36 |     127 |      1.00 |
|    16 |         16 |       19 |    6 |   y |   0.37 |     128 |      1.00 |
|    15 |         15 |       20 |    7 |   y |   0.37 |     129 |      1.00 |
|    14 |         14 |       21 |    9 |   y |   0.40 |     130 |      1.00 |
|    13 |         13 |       22 |   11 |   y |   0.41 |     131 |      1.00 |
|    12 |         12 |       23 |   12 |   y |   0.43 |     132 |      1.00 |
|    11 |         11 |       24 |   14 |   y |   0.44 |     133 |      1.00 |
|    10 |         10 |       25 |   15 |   y |   0.44 |     133 |      1.00 |
|     9 |          9 |       26 |   18 |   y |   0.44 |     133 |      1.00 |
|     8 |          8 |       27 |   20 |   y |   0.44 |     134 |      1.00 |
|     7 |          7 |       28 |   23 |   y |   0.46 |     135 |      1.00 |
|     6 |          6 |       29 |   25 |   y |   0.47 |     136 |      1.00 |
|     5 |          5 |       30 |   29 |   y |   0.46 |     136 |      1.00 |
|     4 |          4 |       31 |   31 |   y |   0.47 |     137 |      1.00 |
|     3 |          3 |       32 |   62 |   y |   0.46 |     144 |      1.00 |
|     2 |          2 |       33 |   62 |   y |   0.48 |     145 |      1.00 |
|     1 |          1 |       34 |   62 |   y |   0.49 |     145 |      1.00 |

FOURIER - MOTZKIN - ELIMINATION:
| iter- |      upper |  # ineq  |   max| long|   non- |     mem |      time |
| ation |      bound |          |  bit-|arith|  zeros |    used |      used |
|       |     # ineq |          |length|metic|   in % |   in kB |    in sec |
|-------|------------|----------|------|-----|--------|---------|-----------|
|    32 |         35 |       35 |    1 |   y |   0.03 |     520 |      1.00 |
|    31 |         36 |       35 |    1 |   y |   0.03 |     520 |      1.00 |
|    30 |         36 |       35 |   31 |   y |   0.03 |     520 |      1.00 |
|    29 |         36 |       35 |   31 |   y |   0.03 |     520 |      1.00 |
|    28 |         36 |       35 |   31 |   y |   0.03 |     520 |      1.00 |
|    27 |         36 |       35 |   32 |   y |   0.03 |     520 |      1.00 |
|    26 |         36 |       35 |   32 |   y |   0.04 |     520 |      1.00 |
|    25 |         36 |       35 |   32 |   y |   0.04 |     520 |      1.00 |
|    24 |         36 |       35 |   32 |   y |   0.04 |     520 |      1.00 |
|    23 |         36 |       35 |   32 |   y |   0.04 |     520 |      1.00 |
|    22 |         36 |       35 |   32 |   y |   0.04 |     520 |      1.00 |
|    21 |         36 |       35 |   32 |   y |   0.04 |     520 |      1.00 |
|    20 |         36 |       35 |   32 |   y |   0.04 |     520 |      1.00 |
|    19 |         36 |       35 |   32 |   y |   0.04 |     520 |      1.00 |
|    18 |         36 |       35 |   32 |   y |   0.04 |     520 |      1.00 |
|    17 |         36 |       35 |   32 |   y |   0.04 |     520 |      1.00 |
|    16 |         36 |       35 |   32 |   y |   0.04 |     520 |      1.00 |
|    15 |         36 |       35 |   32 |   y |   0.04 |     520 |      1.00 |
|    14 |         36 |       35 |   32 |   y |   0.04 |     520 |      1.00 |
|    13 |         36 |       35 |   32 |   y |   0.05 |     520 |      1.00 |
|    12 |         36 |       35 |   32 |   y |   0.05 |     520 |      1.00 |
|    11 |         36 |       35 |   32 |   y |   0.05 |     520 |      1.00 |
|    10 |         36 |       35 |   32 |   y |   0.05 |     520 |      1.00 |
|     9 |         36 |       35 |   32 |   y |   0.05 |     520 |      1.00 |
|     8 |         36 |       35 |   32 |   y |   0.05 |     520 |      1.00 |
|     7 |         36 |       35 |   32 |   y |   0.05 |     521 |      1.00 |
|     6 |         36 |       35 |   32 |   y |   0.05 |     521 |      1.00 |
|     5 |         36 |       35 |   32 |   y |   0.05 |     521 |      1.00 |
|     4 |         36 |       35 |   32 |   y |   0.05 |     521 |      1.00 |
|     3 |         36 |       35 |   32 |   y |   0.05 |     521 |      1.00 |
|     2 |         36 |       35 |   32 |   y |   0.05 |     521 |      1.00 |
|     1 |         36 |       35 |   32 |   y |   0.06 |     521 |      1.00 |

sum of inequalities over all iterations :   1120
maximal number of inequalities          :     35


number of equations    :    0 
number of inequalities :   35 

PrismSimplex32.poi.ieq moved into PrismSimplex32.poi.ieq.bak
output written to file PrismSimplex32.poi.ieq

